<?xml version="1.0" encoding="UTF-8"?>
<testsuite time="4.738" failures="0" tests="1" name="tests" >
  <testcase time="4.729" classname="tests" name="tc_create_update_delete.ta" />
</testsuite>