<?xml version="1.0" encoding="UTF-8"?>
<testsuite time="11.223" failures="0" tests="1" name="tests" >
  <testcase time="11.209" classname="tests" name="first-test.ta" />
</testsuite>